2018-06-30 17:41:25.0487 DEBUG Computer защищает корпус.
2018-06-30 17:41:25.1303 DEBUG Игрока Computer бьют.
2018-06-30 17:41:25.1303 INFO Блокирование не помогло от удара.
2018-06-30 17:41:25.1423 TRACE Соперник бъет в голову.
2018-06-30 17:41:25.1423 TRACE Computer получил минус 15 очков.
2018-06-30 17:41:25.1542 TRACE Оставшееся здоровье: 85
2018-06-30 17:41:26.7439 DEBUG Anastasiya защищает корпус.
2018-06-30 17:41:26.7479 DEBUG Игрока Anastasiya бьют.
2018-06-30 17:41:26.7479 DEBUG Повезло! Блокирование спасло от удара.
2018-06-30 17:41:26.7479 TRACE Оставшееся здоровье: 100
2018-06-30 17:41:28.5974 DEBUG Computer защищает ноги.
2018-06-30 17:41:28.5974 DEBUG Игрока Computer бьют.
2018-06-30 17:41:28.6093 INFO Блокирование не помогло от удара.
2018-06-30 17:41:28.6093 TRACE Соперник бъет в корпус.
2018-06-30 17:41:28.6263 TRACE Computer получил минус 10 очков.
2018-06-30 17:41:28.6263 TRACE Оставшееся здоровье: 75
2018-06-30 17:41:30.3181 DEBUG Anastasiya защищает голову.
2018-06-30 17:41:30.3241 DEBUG Игрока Anastasiya бьют.
2018-06-30 17:41:30.3241 DEBUG Повезло! Блокирование спасло от удара.
2018-06-30 17:41:30.3241 TRACE Оставшееся здоровье: 100
2018-06-30 17:41:32.6274 DEBUG Computer защищает ноги.
2018-06-30 17:41:32.6274 DEBUG Игрока Computer бьют.
2018-06-30 17:41:32.6374 INFO Блокирование не помогло от удара.
2018-06-30 17:41:32.6374 TRACE Соперник бъет в голову.
2018-06-30 17:41:32.6374 TRACE Computer получил минус 15 очков.
2018-06-30 17:41:32.6534 TRACE Оставшееся здоровье: 60
2018-06-30 17:41:34.0569 DEBUG Anastasiya защищает голову.
2018-06-30 17:41:34.0599 DEBUG Игрока Anastasiya бьют.
2018-06-30 17:41:34.0599 INFO Блокирование не помогло от удара.
2018-06-30 17:41:34.0599 TRACE Соперник бъет в корпус.
2018-06-30 17:41:34.0599 TRACE Anastasiya получил минус 10 очков.
2018-06-30 17:41:34.0768 TRACE Оставшееся здоровье: 90
